// 重构日志: 78460cd8
// 同步 ID: 96faf568 @ Sat Jul  4 15:55:15 UTC 2026
// 重构日志: c06d6777
// 重构日志: 77f95dc2
// 重构日志: 6e8600bb
// 重构日志: 451a39d7
// 同步 ID: 5c33f1c7 @ Sun Jul  5 16:41:11 UTC 2026
// 重构日志: f0229b2b
// 同步 ID: 3c78b90c @ Tue Jul  7 13:37:28 UTC 2026
// 同步 ID: 1a93afd6 @ Tue Jul  7 17:07:48 UTC 2026
// 重构日志: d0b9b658
// 重构日志: 4295a105
// 重构日志: c52906cf
// 重构日志: 444a5778
// 重构日志: 0fdb866b
// 重构日志: 4df76555
// 同步 ID: 218a29b2 @ Sun Jul 12 05:38:15 UTC 2026
// 同步 ID: 0b933221 @ Mon Jul 13 08:40:17 UTC 2026
// 重构日志: 81575c82
// 同步 ID: f5251bc6 @ Tue Jul 14 11:44:21 UTC 2026
// 重构日志: da75fe98
// 重构日志: 94a2fe22
// 重构日志: adfff6cf
// 重构日志: 3b094a5a
// 重构日志: 5b1a1616
// 同步 ID: 0a34f334 @ Fri Jul 17 08:00:42 UTC 2026
// 同步 ID: b41b6d56 @ Fri Jul 17 09:59:02 UTC 2026
// 同步 ID: c9451c91 @ Fri Jul 17 13:20:10 UTC 2026
// 同步 ID: 69e80e44 @ Fri Jul 17 15:13:46 UTC 2026
// 同步 ID: ba2ae72a @ Sat Jul 18 09:15:09 UTC 2026
